\BOOKMARK [1][-]{section.1}{Introduction}{}% 1
\BOOKMARK [1][-]{section.2}{Concepts}{}% 2
\BOOKMARK [2][-]{subsection.2.1}{Control Flow Nodes}{section.2}% 3
\BOOKMARK [2][-]{subsection.2.2}{Execution Nodes}{section.2}% 4
\BOOKMARK [2][-]{subsection.2.3}{Control Flow Nodes with memory}{section.2}% 5
\BOOKMARK [2][-]{subsection.2.4}{State of The Art}{section.2}% 6
\BOOKMARK [1][-]{section.3}{Architecture and Specification}{}% 7
\BOOKMARK [2][-]{subsection.3.1}{BhTSL}{section.3}% 8
\BOOKMARK [3][-]{subsubsection.3.1.1}{Syntax}{subsection.3.1}% 9
\BOOKMARK [1][-]{section.4}{Tool development}{}% 10
\BOOKMARK [2][-]{subsection.4.1}{Lexical analysis}{section.4}% 11
\BOOKMARK [2][-]{subsection.4.2}{Syntatic analysis}{section.4}% 12
\BOOKMARK [2][-]{subsection.4.3}{Semantic analysis}{section.4}% 13
\BOOKMARK [2][-]{subsection.4.4}{Code generator}{section.4}% 14
\BOOKMARK [2][-]{subsection.4.5}{BT Simulator}{section.4}% 15
\BOOKMARK [2][-]{subsection.4.6}{Implementation}{section.4}% 16
\BOOKMARK [1][-]{section.5}{Example}{}% 17
\BOOKMARK [1][-]{section.6}{Case Study}{}% 18
\BOOKMARK [1][-]{section.7}{Conclusion}{}% 19
\BOOKMARK [2][-]{subsection.7.1}{Future Work}{section.7}% 20
\BOOKMARK [1][-]{Appendix.1.A}{Tokens Table}{}% 21
