Created by PLY version 3.11 (http://www.dabeaz.com/ply)

Unused terminals:

    DOUBLEPERCENTAGE

Grammar

Rule 0     S' -> root
Rule 1     root -> behavior CODE
Rule 2     root -> behavior definitions CODE
Rule 3     root -> definitions behavior CODE
Rule 4     behavior -> BEHAVIOR : [ node ]
Rule 5     node -> SEQUENCE : [ nodes ]
Rule 6     node -> SEQUENCE : VAR
Rule 7     node -> SELECTOR : [ nodes ]
Rule 8     node -> SELECTOR : VAR
Rule 9     node -> PROBSELECTOR : [ prob_nodes ]
Rule 10    node -> PROBSELECTOR : VAR
Rule 11    node -> PARALLEL : INT [ nodes ]
Rule 12    node -> PARALLEL : VAR
Rule 13    node -> DECORATOR : INVERTER [ node ]
Rule 14    node -> DECORATOR : MAXTRIES ( INT ) [ node ]
Rule 15    node -> DECORATOR : MAXSECONDS ( INT ) [ node ]
Rule 16    node -> DECORATOR : VAR
Rule 17    node -> CONDITION : VAR
Rule 18    node -> ACTION : VAR
Rule 19    nodes -> nodes , node
Rule 20    nodes -> node
Rule 21    prob_nodes -> prob_nodes , prob_node
Rule 22    prob_nodes -> prob_node
Rule 23    prob_node -> VAR RIGHTARROW node
Rule 24    definitions -> definitions definition
Rule 25    definitions -> definition
Rule 26    definition -> SEQUENCE NODENAME : [ nodes ]
Rule 27    definition -> SELECTOR NODENAME : [ nodes ]
Rule 28    definition -> PROBSELECTOR NODENAME : [ prob_nodes ]
Rule 29    definition -> PARALLEL NODENAME : INT [ nodes ]
Rule 30    definition -> DECORATOR NODENAME : INVERTER [ node ]
Rule 31    definition -> DECORATOR NODENAME : MAXTRIES ( INT ) [ node ]
Rule 32    definition -> DECORATOR NODENAME : MAXSECONDS ( INT ) [ node ]

Terminals, with rules where they appear

(                    : 14 15 31 32
)                    : 14 15 31 32
,                    : 19 21
:                    : 4 5 6 7 8 9 10 11 12 13 14 15 16 17 18 26 27 28 29 30 31 32
ACTION               : 18
BEHAVIOR             : 4
CODE                 : 1 2 3
CONDITION            : 17
DECORATOR            : 13 14 15 16 30 31 32
DOUBLEPERCENTAGE     : 
INT                  : 11 14 15 29 31 32
INVERTER             : 13 30
MAXSECONDS           : 15 32
MAXTRIES             : 14 31
NODENAME             : 26 27 28 29 30 31 32
PARALLEL             : 11 12 29
PROBSELECTOR         : 9 10 28
RIGHTARROW           : 23
SELECTOR             : 7 8 27
SEQUENCE             : 5 6 26
VAR                  : 6 8 10 12 16 17 18 23
[                    : 4 5 7 9 11 13 14 15 26 27 28 29 30 31 32
]                    : 4 5 7 9 11 13 14 15 26 27 28 29 30 31 32
error                : 

Nonterminals, with rules where they appear

behavior             : 1 2 3
definition           : 24 25
definitions          : 2 3 24
node                 : 4 13 14 15 19 20 23 30 31 32
nodes                : 5 7 11 19 26 27 29
prob_node            : 21 22
prob_nodes           : 9 21 28
root                 : 0

Parsing method: LALR

state 0

    (0) S' -> . root
    (1) root -> . behavior CODE
    (2) root -> . behavior definitions CODE
    (3) root -> . definitions behavior CODE
    (4) behavior -> . BEHAVIOR : [ node ]
    (24) definitions -> . definitions definition
    (25) definitions -> . definition
    (26) definition -> . SEQUENCE NODENAME : [ nodes ]
    (27) definition -> . SELECTOR NODENAME : [ nodes ]
    (28) definition -> . PROBSELECTOR NODENAME : [ prob_nodes ]
    (29) definition -> . PARALLEL NODENAME : INT [ nodes ]
    (30) definition -> . DECORATOR NODENAME : INVERTER [ node ]
    (31) definition -> . DECORATOR NODENAME : MAXTRIES ( INT ) [ node ]
    (32) definition -> . DECORATOR NODENAME : MAXSECONDS ( INT ) [ node ]

    BEHAVIOR        shift and go to state 4
    SEQUENCE        shift and go to state 6
    SELECTOR        shift and go to state 7
    PROBSELECTOR    shift and go to state 8
    PARALLEL        shift and go to state 9
    DECORATOR       shift and go to state 10

    root                           shift and go to state 1
    behavior                       shift and go to state 2
    definitions                    shift and go to state 3
    definition                     shift and go to state 5

state 1

    (0) S' -> root .



state 2

    (1) root -> behavior . CODE
    (2) root -> behavior . definitions CODE
    (24) definitions -> . definitions definition
    (25) definitions -> . definition
    (26) definition -> . SEQUENCE NODENAME : [ nodes ]
    (27) definition -> . SELECTOR NODENAME : [ nodes ]
    (28) definition -> . PROBSELECTOR NODENAME : [ prob_nodes ]
    (29) definition -> . PARALLEL NODENAME : INT [ nodes ]
    (30) definition -> . DECORATOR NODENAME : INVERTER [ node ]
    (31) definition -> . DECORATOR NODENAME : MAXTRIES ( INT ) [ node ]
    (32) definition -> . DECORATOR NODENAME : MAXSECONDS ( INT ) [ node ]

    CODE            shift and go to state 11
    SEQUENCE        shift and go to state 6
    SELECTOR        shift and go to state 7
    PROBSELECTOR    shift and go to state 8
    PARALLEL        shift and go to state 9
    DECORATOR       shift and go to state 10

    definitions                    shift and go to state 12
    definition                     shift and go to state 5

state 3

    (3) root -> definitions . behavior CODE
    (24) definitions -> definitions . definition
    (4) behavior -> . BEHAVIOR : [ node ]
    (26) definition -> . SEQUENCE NODENAME : [ nodes ]
    (27) definition -> . SELECTOR NODENAME : [ nodes ]
    (28) definition -> . PROBSELECTOR NODENAME : [ prob_nodes ]
    (29) definition -> . PARALLEL NODENAME : INT [ nodes ]
    (30) definition -> . DECORATOR NODENAME : INVERTER [ node ]
    (31) definition -> . DECORATOR NODENAME : MAXTRIES ( INT ) [ node ]
    (32) definition -> . DECORATOR NODENAME : MAXSECONDS ( INT ) [ node ]

    BEHAVIOR        shift and go to state 4
    SEQUENCE        shift and go to state 6
    SELECTOR        shift and go to state 7
    PROBSELECTOR    shift and go to state 8
    PARALLEL        shift and go to state 9
    DECORATOR       shift and go to state 10

    behavior                       shift and go to state 13
    definition                     shift and go to state 14

state 4

    (4) behavior -> BEHAVIOR . : [ node ]

    :               shift and go to state 15


state 5

    (25) definitions -> definition .

    BEHAVIOR        reduce using rule 25 (definitions -> definition .)
    SEQUENCE        reduce using rule 25 (definitions -> definition .)
    SELECTOR        reduce using rule 25 (definitions -> definition .)
    PROBSELECTOR    reduce using rule 25 (definitions -> definition .)
    PARALLEL        reduce using rule 25 (definitions -> definition .)
    DECORATOR       reduce using rule 25 (definitions -> definition .)
    CODE            reduce using rule 25 (definitions -> definition .)


state 6

    (26) definition -> SEQUENCE . NODENAME : [ nodes ]

    NODENAME        shift and go to state 16


state 7

    (27) definition -> SELECTOR . NODENAME : [ nodes ]

    NODENAME        shift and go to state 17


state 8

    (28) definition -> PROBSELECTOR . NODENAME : [ prob_nodes ]

    NODENAME        shift and go to state 18


state 9

    (29) definition -> PARALLEL . NODENAME : INT [ nodes ]

    NODENAME        shift and go to state 19


state 10

    (30) definition -> DECORATOR . NODENAME : INVERTER [ node ]
    (31) definition -> DECORATOR . NODENAME : MAXTRIES ( INT ) [ node ]
    (32) definition -> DECORATOR . NODENAME : MAXSECONDS ( INT ) [ node ]

    NODENAME        shift and go to state 20


state 11

    (1) root -> behavior CODE .

    $end            reduce using rule 1 (root -> behavior CODE .)


state 12

    (2) root -> behavior definitions . CODE
    (24) definitions -> definitions . definition
    (26) definition -> . SEQUENCE NODENAME : [ nodes ]
    (27) definition -> . SELECTOR NODENAME : [ nodes ]
    (28) definition -> . PROBSELECTOR NODENAME : [ prob_nodes ]
    (29) definition -> . PARALLEL NODENAME : INT [ nodes ]
    (30) definition -> . DECORATOR NODENAME : INVERTER [ node ]
    (31) definition -> . DECORATOR NODENAME : MAXTRIES ( INT ) [ node ]
    (32) definition -> . DECORATOR NODENAME : MAXSECONDS ( INT ) [ node ]

    CODE            shift and go to state 21
    SEQUENCE        shift and go to state 6
    SELECTOR        shift and go to state 7
    PROBSELECTOR    shift and go to state 8
    PARALLEL        shift and go to state 9
    DECORATOR       shift and go to state 10

    definition                     shift and go to state 14

state 13

    (3) root -> definitions behavior . CODE

    CODE            shift and go to state 22


state 14

    (24) definitions -> definitions definition .

    BEHAVIOR        reduce using rule 24 (definitions -> definitions definition .)
    SEQUENCE        reduce using rule 24 (definitions -> definitions definition .)
    SELECTOR        reduce using rule 24 (definitions -> definitions definition .)
    PROBSELECTOR    reduce using rule 24 (definitions -> definitions definition .)
    PARALLEL        reduce using rule 24 (definitions -> definitions definition .)
    DECORATOR       reduce using rule 24 (definitions -> definitions definition .)
    CODE            reduce using rule 24 (definitions -> definitions definition .)


state 15

    (4) behavior -> BEHAVIOR : . [ node ]

    [               shift and go to state 23


state 16

    (26) definition -> SEQUENCE NODENAME . : [ nodes ]

    :               shift and go to state 24


state 17

    (27) definition -> SELECTOR NODENAME . : [ nodes ]

    :               shift and go to state 25


state 18

    (28) definition -> PROBSELECTOR NODENAME . : [ prob_nodes ]

    :               shift and go to state 26


state 19

    (29) definition -> PARALLEL NODENAME . : INT [ nodes ]

    :               shift and go to state 27


state 20

    (30) definition -> DECORATOR NODENAME . : INVERTER [ node ]
    (31) definition -> DECORATOR NODENAME . : MAXTRIES ( INT ) [ node ]
    (32) definition -> DECORATOR NODENAME . : MAXSECONDS ( INT ) [ node ]

    :               shift and go to state 28


state 21

    (2) root -> behavior definitions CODE .

    $end            reduce using rule 2 (root -> behavior definitions CODE .)


state 22

    (3) root -> definitions behavior CODE .

    $end            reduce using rule 3 (root -> definitions behavior CODE .)


state 23

    (4) behavior -> BEHAVIOR : [ . node ]
    (5) node -> . SEQUENCE : [ nodes ]
    (6) node -> . SEQUENCE : VAR
    (7) node -> . SELECTOR : [ nodes ]
    (8) node -> . SELECTOR : VAR
    (9) node -> . PROBSELECTOR : [ prob_nodes ]
    (10) node -> . PROBSELECTOR : VAR
    (11) node -> . PARALLEL : INT [ nodes ]
    (12) node -> . PARALLEL : VAR
    (13) node -> . DECORATOR : INVERTER [ node ]
    (14) node -> . DECORATOR : MAXTRIES ( INT ) [ node ]
    (15) node -> . DECORATOR : MAXSECONDS ( INT ) [ node ]
    (16) node -> . DECORATOR : VAR
    (17) node -> . CONDITION : VAR
    (18) node -> . ACTION : VAR

    SEQUENCE        shift and go to state 30
    SELECTOR        shift and go to state 31
    PROBSELECTOR    shift and go to state 32
    PARALLEL        shift and go to state 33
    DECORATOR       shift and go to state 34
    CONDITION       shift and go to state 35
    ACTION          shift and go to state 36

    node                           shift and go to state 29

state 24

    (26) definition -> SEQUENCE NODENAME : . [ nodes ]

    [               shift and go to state 37


state 25

    (27) definition -> SELECTOR NODENAME : . [ nodes ]

    [               shift and go to state 38


state 26

    (28) definition -> PROBSELECTOR NODENAME : . [ prob_nodes ]

    [               shift and go to state 39


state 27

    (29) definition -> PARALLEL NODENAME : . INT [ nodes ]

    INT             shift and go to state 40


state 28

    (30) definition -> DECORATOR NODENAME : . INVERTER [ node ]
    (31) definition -> DECORATOR NODENAME : . MAXTRIES ( INT ) [ node ]
    (32) definition -> DECORATOR NODENAME : . MAXSECONDS ( INT ) [ node ]

    INVERTER        shift and go to state 41
    MAXTRIES        shift and go to state 42
    MAXSECONDS      shift and go to state 43


state 29

    (4) behavior -> BEHAVIOR : [ node . ]

    ]               shift and go to state 44


state 30

    (5) node -> SEQUENCE . : [ nodes ]
    (6) node -> SEQUENCE . : VAR

    :               shift and go to state 45


state 31

    (7) node -> SELECTOR . : [ nodes ]
    (8) node -> SELECTOR . : VAR

    :               shift and go to state 46


state 32

    (9) node -> PROBSELECTOR . : [ prob_nodes ]
    (10) node -> PROBSELECTOR . : VAR

    :               shift and go to state 47


state 33

    (11) node -> PARALLEL . : INT [ nodes ]
    (12) node -> PARALLEL . : VAR

    :               shift and go to state 48


state 34

    (13) node -> DECORATOR . : INVERTER [ node ]
    (14) node -> DECORATOR . : MAXTRIES ( INT ) [ node ]
    (15) node -> DECORATOR . : MAXSECONDS ( INT ) [ node ]
    (16) node -> DECORATOR . : VAR

    :               shift and go to state 49


state 35

    (17) node -> CONDITION . : VAR

    :               shift and go to state 50


state 36

    (18) node -> ACTION . : VAR

    :               shift and go to state 51


state 37

    (26) definition -> SEQUENCE NODENAME : [ . nodes ]
    (19) nodes -> . nodes , node
    (20) nodes -> . node
    (5) node -> . SEQUENCE : [ nodes ]
    (6) node -> . SEQUENCE : VAR
    (7) node -> . SELECTOR : [ nodes ]
    (8) node -> . SELECTOR : VAR
    (9) node -> . PROBSELECTOR : [ prob_nodes ]
    (10) node -> . PROBSELECTOR : VAR
    (11) node -> . PARALLEL : INT [ nodes ]
    (12) node -> . PARALLEL : VAR
    (13) node -> . DECORATOR : INVERTER [ node ]
    (14) node -> . DECORATOR : MAXTRIES ( INT ) [ node ]
    (15) node -> . DECORATOR : MAXSECONDS ( INT ) [ node ]
    (16) node -> . DECORATOR : VAR
    (17) node -> . CONDITION : VAR
    (18) node -> . ACTION : VAR

    SEQUENCE        shift and go to state 30
    SELECTOR        shift and go to state 31
    PROBSELECTOR    shift and go to state 32
    PARALLEL        shift and go to state 33
    DECORATOR       shift and go to state 34
    CONDITION       shift and go to state 35
    ACTION          shift and go to state 36

    nodes                          shift and go to state 52
    node                           shift and go to state 53

state 38

    (27) definition -> SELECTOR NODENAME : [ . nodes ]
    (19) nodes -> . nodes , node
    (20) nodes -> . node
    (5) node -> . SEQUENCE : [ nodes ]
    (6) node -> . SEQUENCE : VAR
    (7) node -> . SELECTOR : [ nodes ]
    (8) node -> . SELECTOR : VAR
    (9) node -> . PROBSELECTOR : [ prob_nodes ]
    (10) node -> . PROBSELECTOR : VAR
    (11) node -> . PARALLEL : INT [ nodes ]
    (12) node -> . PARALLEL : VAR
    (13) node -> . DECORATOR : INVERTER [ node ]
    (14) node -> . DECORATOR : MAXTRIES ( INT ) [ node ]
    (15) node -> . DECORATOR : MAXSECONDS ( INT ) [ node ]
    (16) node -> . DECORATOR : VAR
    (17) node -> . CONDITION : VAR
    (18) node -> . ACTION : VAR

    SEQUENCE        shift and go to state 30
    SELECTOR        shift and go to state 31
    PROBSELECTOR    shift and go to state 32
    PARALLEL        shift and go to state 33
    DECORATOR       shift and go to state 34
    CONDITION       shift and go to state 35
    ACTION          shift and go to state 36

    nodes                          shift and go to state 54
    node                           shift and go to state 53

state 39

    (28) definition -> PROBSELECTOR NODENAME : [ . prob_nodes ]
    (21) prob_nodes -> . prob_nodes , prob_node
    (22) prob_nodes -> . prob_node
    (23) prob_node -> . VAR RIGHTARROW node

    VAR             shift and go to state 57

    prob_nodes                     shift and go to state 55
    prob_node                      shift and go to state 56

state 40

    (29) definition -> PARALLEL NODENAME : INT . [ nodes ]

    [               shift and go to state 58


state 41

    (30) definition -> DECORATOR NODENAME : INVERTER . [ node ]

    [               shift and go to state 59


state 42

    (31) definition -> DECORATOR NODENAME : MAXTRIES . ( INT ) [ node ]

    (               shift and go to state 60


state 43

    (32) definition -> DECORATOR NODENAME : MAXSECONDS . ( INT ) [ node ]

    (               shift and go to state 61


state 44

    (4) behavior -> BEHAVIOR : [ node ] .

    CODE            reduce using rule 4 (behavior -> BEHAVIOR : [ node ] .)
    SEQUENCE        reduce using rule 4 (behavior -> BEHAVIOR : [ node ] .)
    SELECTOR        reduce using rule 4 (behavior -> BEHAVIOR : [ node ] .)
    PROBSELECTOR    reduce using rule 4 (behavior -> BEHAVIOR : [ node ] .)
    PARALLEL        reduce using rule 4 (behavior -> BEHAVIOR : [ node ] .)
    DECORATOR       reduce using rule 4 (behavior -> BEHAVIOR : [ node ] .)


state 45

    (5) node -> SEQUENCE : . [ nodes ]
    (6) node -> SEQUENCE : . VAR

    [               shift and go to state 62
    VAR             shift and go to state 63


state 46

    (7) node -> SELECTOR : . [ nodes ]
    (8) node -> SELECTOR : . VAR

    [               shift and go to state 64
    VAR             shift and go to state 65


state 47

    (9) node -> PROBSELECTOR : . [ prob_nodes ]
    (10) node -> PROBSELECTOR : . VAR

    [               shift and go to state 66
    VAR             shift and go to state 67


state 48

    (11) node -> PARALLEL : . INT [ nodes ]
    (12) node -> PARALLEL : . VAR

    INT             shift and go to state 68
    VAR             shift and go to state 69


state 49

    (13) node -> DECORATOR : . INVERTER [ node ]
    (14) node -> DECORATOR : . MAXTRIES ( INT ) [ node ]
    (15) node -> DECORATOR : . MAXSECONDS ( INT ) [ node ]
    (16) node -> DECORATOR : . VAR

    INVERTER        shift and go to state 70
    MAXTRIES        shift and go to state 71
    MAXSECONDS      shift and go to state 72
    VAR             shift and go to state 73


state 50

    (17) node -> CONDITION : . VAR

    VAR             shift and go to state 74


state 51

    (18) node -> ACTION : . VAR

    VAR             shift and go to state 75


state 52

    (26) definition -> SEQUENCE NODENAME : [ nodes . ]
    (19) nodes -> nodes . , node

    ]               shift and go to state 76
    ,               shift and go to state 77


state 53

    (20) nodes -> node .

    ]               reduce using rule 20 (nodes -> node .)
    ,               reduce using rule 20 (nodes -> node .)


state 54

    (27) definition -> SELECTOR NODENAME : [ nodes . ]
    (19) nodes -> nodes . , node

    ]               shift and go to state 78
    ,               shift and go to state 77


state 55

    (28) definition -> PROBSELECTOR NODENAME : [ prob_nodes . ]
    (21) prob_nodes -> prob_nodes . , prob_node

    ]               shift and go to state 79
    ,               shift and go to state 80


state 56

    (22) prob_nodes -> prob_node .

    ]               reduce using rule 22 (prob_nodes -> prob_node .)
    ,               reduce using rule 22 (prob_nodes -> prob_node .)


state 57

    (23) prob_node -> VAR . RIGHTARROW node

    RIGHTARROW      shift and go to state 81


state 58

    (29) definition -> PARALLEL NODENAME : INT [ . nodes ]
    (19) nodes -> . nodes , node
    (20) nodes -> . node
    (5) node -> . SEQUENCE : [ nodes ]
    (6) node -> . SEQUENCE : VAR
    (7) node -> . SELECTOR : [ nodes ]
    (8) node -> . SELECTOR : VAR
    (9) node -> . PROBSELECTOR : [ prob_nodes ]
    (10) node -> . PROBSELECTOR : VAR
    (11) node -> . PARALLEL : INT [ nodes ]
    (12) node -> . PARALLEL : VAR
    (13) node -> . DECORATOR : INVERTER [ node ]
    (14) node -> . DECORATOR : MAXTRIES ( INT ) [ node ]
    (15) node -> . DECORATOR : MAXSECONDS ( INT ) [ node ]
    (16) node -> . DECORATOR : VAR
    (17) node -> . CONDITION : VAR
    (18) node -> . ACTION : VAR

    SEQUENCE        shift and go to state 30
    SELECTOR        shift and go to state 31
    PROBSELECTOR    shift and go to state 32
    PARALLEL        shift and go to state 33
    DECORATOR       shift and go to state 34
    CONDITION       shift and go to state 35
    ACTION          shift and go to state 36

    nodes                          shift and go to state 82
    node                           shift and go to state 53

state 59

    (30) definition -> DECORATOR NODENAME : INVERTER [ . node ]
    (5) node -> . SEQUENCE : [ nodes ]
    (6) node -> . SEQUENCE : VAR
    (7) node -> . SELECTOR : [ nodes ]
    (8) node -> . SELECTOR : VAR
    (9) node -> . PROBSELECTOR : [ prob_nodes ]
    (10) node -> . PROBSELECTOR : VAR
    (11) node -> . PARALLEL : INT [ nodes ]
    (12) node -> . PARALLEL : VAR
    (13) node -> . DECORATOR : INVERTER [ node ]
    (14) node -> . DECORATOR : MAXTRIES ( INT ) [ node ]
    (15) node -> . DECORATOR : MAXSECONDS ( INT ) [ node ]
    (16) node -> . DECORATOR : VAR
    (17) node -> . CONDITION : VAR
    (18) node -> . ACTION : VAR

    SEQUENCE        shift and go to state 30
    SELECTOR        shift and go to state 31
    PROBSELECTOR    shift and go to state 32
    PARALLEL        shift and go to state 33
    DECORATOR       shift and go to state 34
    CONDITION       shift and go to state 35
    ACTION          shift and go to state 36

    node                           shift and go to state 83

state 60

    (31) definition -> DECORATOR NODENAME : MAXTRIES ( . INT ) [ node ]

    INT             shift and go to state 84


state 61

    (32) definition -> DECORATOR NODENAME : MAXSECONDS ( . INT ) [ node ]

    INT             shift and go to state 85


state 62

    (5) node -> SEQUENCE : [ . nodes ]
    (19) nodes -> . nodes , node
    (20) nodes -> . node
    (5) node -> . SEQUENCE : [ nodes ]
    (6) node -> . SEQUENCE : VAR
    (7) node -> . SELECTOR : [ nodes ]
    (8) node -> . SELECTOR : VAR
    (9) node -> . PROBSELECTOR : [ prob_nodes ]
    (10) node -> . PROBSELECTOR : VAR
    (11) node -> . PARALLEL : INT [ nodes ]
    (12) node -> . PARALLEL : VAR
    (13) node -> . DECORATOR : INVERTER [ node ]
    (14) node -> . DECORATOR : MAXTRIES ( INT ) [ node ]
    (15) node -> . DECORATOR : MAXSECONDS ( INT ) [ node ]
    (16) node -> . DECORATOR : VAR
    (17) node -> . CONDITION : VAR
    (18) node -> . ACTION : VAR

    SEQUENCE        shift and go to state 30
    SELECTOR        shift and go to state 31
    PROBSELECTOR    shift and go to state 32
    PARALLEL        shift and go to state 33
    DECORATOR       shift and go to state 34
    CONDITION       shift and go to state 35
    ACTION          shift and go to state 36

    nodes                          shift and go to state 86
    node                           shift and go to state 53

state 63

    (6) node -> SEQUENCE : VAR .

    ]               reduce using rule 6 (node -> SEQUENCE : VAR .)
    ,               reduce using rule 6 (node -> SEQUENCE : VAR .)


state 64

    (7) node -> SELECTOR : [ . nodes ]
    (19) nodes -> . nodes , node
    (20) nodes -> . node
    (5) node -> . SEQUENCE : [ nodes ]
    (6) node -> . SEQUENCE : VAR
    (7) node -> . SELECTOR : [ nodes ]
    (8) node -> . SELECTOR : VAR
    (9) node -> . PROBSELECTOR : [ prob_nodes ]
    (10) node -> . PROBSELECTOR : VAR
    (11) node -> . PARALLEL : INT [ nodes ]
    (12) node -> . PARALLEL : VAR
    (13) node -> . DECORATOR : INVERTER [ node ]
    (14) node -> . DECORATOR : MAXTRIES ( INT ) [ node ]
    (15) node -> . DECORATOR : MAXSECONDS ( INT ) [ node ]
    (16) node -> . DECORATOR : VAR
    (17) node -> . CONDITION : VAR
    (18) node -> . ACTION : VAR

    SEQUENCE        shift and go to state 30
    SELECTOR        shift and go to state 31
    PROBSELECTOR    shift and go to state 32
    PARALLEL        shift and go to state 33
    DECORATOR       shift and go to state 34
    CONDITION       shift and go to state 35
    ACTION          shift and go to state 36

    nodes                          shift and go to state 87
    node                           shift and go to state 53

state 65

    (8) node -> SELECTOR : VAR .

    ]               reduce using rule 8 (node -> SELECTOR : VAR .)
    ,               reduce using rule 8 (node -> SELECTOR : VAR .)


state 66

    (9) node -> PROBSELECTOR : [ . prob_nodes ]
    (21) prob_nodes -> . prob_nodes , prob_node
    (22) prob_nodes -> . prob_node
    (23) prob_node -> . VAR RIGHTARROW node

    VAR             shift and go to state 57

    prob_nodes                     shift and go to state 88
    prob_node                      shift and go to state 56

state 67

    (10) node -> PROBSELECTOR : VAR .

    ]               reduce using rule 10 (node -> PROBSELECTOR : VAR .)
    ,               reduce using rule 10 (node -> PROBSELECTOR : VAR .)


state 68

    (11) node -> PARALLEL : INT . [ nodes ]

    [               shift and go to state 89


state 69

    (12) node -> PARALLEL : VAR .

    ]               reduce using rule 12 (node -> PARALLEL : VAR .)
    ,               reduce using rule 12 (node -> PARALLEL : VAR .)


state 70

    (13) node -> DECORATOR : INVERTER . [ node ]

    [               shift and go to state 90


state 71

    (14) node -> DECORATOR : MAXTRIES . ( INT ) [ node ]

    (               shift and go to state 91


state 72

    (15) node -> DECORATOR : MAXSECONDS . ( INT ) [ node ]

    (               shift and go to state 92


state 73

    (16) node -> DECORATOR : VAR .

    ]               reduce using rule 16 (node -> DECORATOR : VAR .)
    ,               reduce using rule 16 (node -> DECORATOR : VAR .)


state 74

    (17) node -> CONDITION : VAR .

    ]               reduce using rule 17 (node -> CONDITION : VAR .)
    ,               reduce using rule 17 (node -> CONDITION : VAR .)


state 75

    (18) node -> ACTION : VAR .

    ]               reduce using rule 18 (node -> ACTION : VAR .)
    ,               reduce using rule 18 (node -> ACTION : VAR .)


state 76

    (26) definition -> SEQUENCE NODENAME : [ nodes ] .

    BEHAVIOR        reduce using rule 26 (definition -> SEQUENCE NODENAME : [ nodes ] .)
    SEQUENCE        reduce using rule 26 (definition -> SEQUENCE NODENAME : [ nodes ] .)
    SELECTOR        reduce using rule 26 (definition -> SEQUENCE NODENAME : [ nodes ] .)
    PROBSELECTOR    reduce using rule 26 (definition -> SEQUENCE NODENAME : [ nodes ] .)
    PARALLEL        reduce using rule 26 (definition -> SEQUENCE NODENAME : [ nodes ] .)
    DECORATOR       reduce using rule 26 (definition -> SEQUENCE NODENAME : [ nodes ] .)
    CODE            reduce using rule 26 (definition -> SEQUENCE NODENAME : [ nodes ] .)


state 77

    (19) nodes -> nodes , . node
    (5) node -> . SEQUENCE : [ nodes ]
    (6) node -> . SEQUENCE : VAR
    (7) node -> . SELECTOR : [ nodes ]
    (8) node -> . SELECTOR : VAR
    (9) node -> . PROBSELECTOR : [ prob_nodes ]
    (10) node -> . PROBSELECTOR : VAR
    (11) node -> . PARALLEL : INT [ nodes ]
    (12) node -> . PARALLEL : VAR
    (13) node -> . DECORATOR : INVERTER [ node ]
    (14) node -> . DECORATOR : MAXTRIES ( INT ) [ node ]
    (15) node -> . DECORATOR : MAXSECONDS ( INT ) [ node ]
    (16) node -> . DECORATOR : VAR
    (17) node -> . CONDITION : VAR
    (18) node -> . ACTION : VAR

    SEQUENCE        shift and go to state 30
    SELECTOR        shift and go to state 31
    PROBSELECTOR    shift and go to state 32
    PARALLEL        shift and go to state 33
    DECORATOR       shift and go to state 34
    CONDITION       shift and go to state 35
    ACTION          shift and go to state 36

    node                           shift and go to state 93

state 78

    (27) definition -> SELECTOR NODENAME : [ nodes ] .

    BEHAVIOR        reduce using rule 27 (definition -> SELECTOR NODENAME : [ nodes ] .)
    SEQUENCE        reduce using rule 27 (definition -> SELECTOR NODENAME : [ nodes ] .)
    SELECTOR        reduce using rule 27 (definition -> SELECTOR NODENAME : [ nodes ] .)
    PROBSELECTOR    reduce using rule 27 (definition -> SELECTOR NODENAME : [ nodes ] .)
    PARALLEL        reduce using rule 27 (definition -> SELECTOR NODENAME : [ nodes ] .)
    DECORATOR       reduce using rule 27 (definition -> SELECTOR NODENAME : [ nodes ] .)
    CODE            reduce using rule 27 (definition -> SELECTOR NODENAME : [ nodes ] .)


state 79

    (28) definition -> PROBSELECTOR NODENAME : [ prob_nodes ] .

    BEHAVIOR        reduce using rule 28 (definition -> PROBSELECTOR NODENAME : [ prob_nodes ] .)
    SEQUENCE        reduce using rule 28 (definition -> PROBSELECTOR NODENAME : [ prob_nodes ] .)
    SELECTOR        reduce using rule 28 (definition -> PROBSELECTOR NODENAME : [ prob_nodes ] .)
    PROBSELECTOR    reduce using rule 28 (definition -> PROBSELECTOR NODENAME : [ prob_nodes ] .)
    PARALLEL        reduce using rule 28 (definition -> PROBSELECTOR NODENAME : [ prob_nodes ] .)
    DECORATOR       reduce using rule 28 (definition -> PROBSELECTOR NODENAME : [ prob_nodes ] .)
    CODE            reduce using rule 28 (definition -> PROBSELECTOR NODENAME : [ prob_nodes ] .)


state 80

    (21) prob_nodes -> prob_nodes , . prob_node
    (23) prob_node -> . VAR RIGHTARROW node

    VAR             shift and go to state 57

    prob_node                      shift and go to state 94

state 81

    (23) prob_node -> VAR RIGHTARROW . node
    (5) node -> . SEQUENCE : [ nodes ]
    (6) node -> . SEQUENCE : VAR
    (7) node -> . SELECTOR : [ nodes ]
    (8) node -> . SELECTOR : VAR
    (9) node -> . PROBSELECTOR : [ prob_nodes ]
    (10) node -> . PROBSELECTOR : VAR
    (11) node -> . PARALLEL : INT [ nodes ]
    (12) node -> . PARALLEL : VAR
    (13) node -> . DECORATOR : INVERTER [ node ]
    (14) node -> . DECORATOR : MAXTRIES ( INT ) [ node ]
    (15) node -> . DECORATOR : MAXSECONDS ( INT ) [ node ]
    (16) node -> . DECORATOR : VAR
    (17) node -> . CONDITION : VAR
    (18) node -> . ACTION : VAR

    SEQUENCE        shift and go to state 30
    SELECTOR        shift and go to state 31
    PROBSELECTOR    shift and go to state 32
    PARALLEL        shift and go to state 33
    DECORATOR       shift and go to state 34
    CONDITION       shift and go to state 35
    ACTION          shift and go to state 36

    node                           shift and go to state 95

state 82

    (29) definition -> PARALLEL NODENAME : INT [ nodes . ]
    (19) nodes -> nodes . , node

    ]               shift and go to state 96
    ,               shift and go to state 77


state 83

    (30) definition -> DECORATOR NODENAME : INVERTER [ node . ]

    ]               shift and go to state 97


state 84

    (31) definition -> DECORATOR NODENAME : MAXTRIES ( INT . ) [ node ]

    )               shift and go to state 98


state 85

    (32) definition -> DECORATOR NODENAME : MAXSECONDS ( INT . ) [ node ]

    )               shift and go to state 99


state 86

    (5) node -> SEQUENCE : [ nodes . ]
    (19) nodes -> nodes . , node

    ]               shift and go to state 100
    ,               shift and go to state 77


state 87

    (7) node -> SELECTOR : [ nodes . ]
    (19) nodes -> nodes . , node

    ]               shift and go to state 101
    ,               shift and go to state 77


state 88

    (9) node -> PROBSELECTOR : [ prob_nodes . ]
    (21) prob_nodes -> prob_nodes . , prob_node

    ]               shift and go to state 102
    ,               shift and go to state 80


state 89

    (11) node -> PARALLEL : INT [ . nodes ]
    (19) nodes -> . nodes , node
    (20) nodes -> . node
    (5) node -> . SEQUENCE : [ nodes ]
    (6) node -> . SEQUENCE : VAR
    (7) node -> . SELECTOR : [ nodes ]
    (8) node -> . SELECTOR : VAR
    (9) node -> . PROBSELECTOR : [ prob_nodes ]
    (10) node -> . PROBSELECTOR : VAR
    (11) node -> . PARALLEL : INT [ nodes ]
    (12) node -> . PARALLEL : VAR
    (13) node -> . DECORATOR : INVERTER [ node ]
    (14) node -> . DECORATOR : MAXTRIES ( INT ) [ node ]
    (15) node -> . DECORATOR : MAXSECONDS ( INT ) [ node ]
    (16) node -> . DECORATOR : VAR
    (17) node -> . CONDITION : VAR
    (18) node -> . ACTION : VAR

    SEQUENCE        shift and go to state 30
    SELECTOR        shift and go to state 31
    PROBSELECTOR    shift and go to state 32
    PARALLEL        shift and go to state 33
    DECORATOR       shift and go to state 34
    CONDITION       shift and go to state 35
    ACTION          shift and go to state 36

    nodes                          shift and go to state 103
    node                           shift and go to state 53

state 90

    (13) node -> DECORATOR : INVERTER [ . node ]
    (5) node -> . SEQUENCE : [ nodes ]
    (6) node -> . SEQUENCE : VAR
    (7) node -> . SELECTOR : [ nodes ]
    (8) node -> . SELECTOR : VAR
    (9) node -> . PROBSELECTOR : [ prob_nodes ]
    (10) node -> . PROBSELECTOR : VAR
    (11) node -> . PARALLEL : INT [ nodes ]
    (12) node -> . PARALLEL : VAR
    (13) node -> . DECORATOR : INVERTER [ node ]
    (14) node -> . DECORATOR : MAXTRIES ( INT ) [ node ]
    (15) node -> . DECORATOR : MAXSECONDS ( INT ) [ node ]
    (16) node -> . DECORATOR : VAR
    (17) node -> . CONDITION : VAR
    (18) node -> . ACTION : VAR

    SEQUENCE        shift and go to state 30
    SELECTOR        shift and go to state 31
    PROBSELECTOR    shift and go to state 32
    PARALLEL        shift and go to state 33
    DECORATOR       shift and go to state 34
    CONDITION       shift and go to state 35
    ACTION          shift and go to state 36

    node                           shift and go to state 104

state 91

    (14) node -> DECORATOR : MAXTRIES ( . INT ) [ node ]

    INT             shift and go to state 105


state 92

    (15) node -> DECORATOR : MAXSECONDS ( . INT ) [ node ]

    INT             shift and go to state 106


state 93

    (19) nodes -> nodes , node .

    ]               reduce using rule 19 (nodes -> nodes , node .)
    ,               reduce using rule 19 (nodes -> nodes , node .)


state 94

    (21) prob_nodes -> prob_nodes , prob_node .

    ]               reduce using rule 21 (prob_nodes -> prob_nodes , prob_node .)
    ,               reduce using rule 21 (prob_nodes -> prob_nodes , prob_node .)


state 95

    (23) prob_node -> VAR RIGHTARROW node .

    ]               reduce using rule 23 (prob_node -> VAR RIGHTARROW node .)
    ,               reduce using rule 23 (prob_node -> VAR RIGHTARROW node .)


state 96

    (29) definition -> PARALLEL NODENAME : INT [ nodes ] .

    BEHAVIOR        reduce using rule 29 (definition -> PARALLEL NODENAME : INT [ nodes ] .)
    SEQUENCE        reduce using rule 29 (definition -> PARALLEL NODENAME : INT [ nodes ] .)
    SELECTOR        reduce using rule 29 (definition -> PARALLEL NODENAME : INT [ nodes ] .)
    PROBSELECTOR    reduce using rule 29 (definition -> PARALLEL NODENAME : INT [ nodes ] .)
    PARALLEL        reduce using rule 29 (definition -> PARALLEL NODENAME : INT [ nodes ] .)
    DECORATOR       reduce using rule 29 (definition -> PARALLEL NODENAME : INT [ nodes ] .)
    CODE            reduce using rule 29 (definition -> PARALLEL NODENAME : INT [ nodes ] .)


state 97

    (30) definition -> DECORATOR NODENAME : INVERTER [ node ] .

    BEHAVIOR        reduce using rule 30 (definition -> DECORATOR NODENAME : INVERTER [ node ] .)
    SEQUENCE        reduce using rule 30 (definition -> DECORATOR NODENAME : INVERTER [ node ] .)
    SELECTOR        reduce using rule 30 (definition -> DECORATOR NODENAME : INVERTER [ node ] .)
    PROBSELECTOR    reduce using rule 30 (definition -> DECORATOR NODENAME : INVERTER [ node ] .)
    PARALLEL        reduce using rule 30 (definition -> DECORATOR NODENAME : INVERTER [ node ] .)
    DECORATOR       reduce using rule 30 (definition -> DECORATOR NODENAME : INVERTER [ node ] .)
    CODE            reduce using rule 30 (definition -> DECORATOR NODENAME : INVERTER [ node ] .)


state 98

    (31) definition -> DECORATOR NODENAME : MAXTRIES ( INT ) . [ node ]

    [               shift and go to state 107


state 99

    (32) definition -> DECORATOR NODENAME : MAXSECONDS ( INT ) . [ node ]

    [               shift and go to state 108


state 100

    (5) node -> SEQUENCE : [ nodes ] .

    ]               reduce using rule 5 (node -> SEQUENCE : [ nodes ] .)
    ,               reduce using rule 5 (node -> SEQUENCE : [ nodes ] .)


state 101

    (7) node -> SELECTOR : [ nodes ] .

    ]               reduce using rule 7 (node -> SELECTOR : [ nodes ] .)
    ,               reduce using rule 7 (node -> SELECTOR : [ nodes ] .)


state 102

    (9) node -> PROBSELECTOR : [ prob_nodes ] .

    ]               reduce using rule 9 (node -> PROBSELECTOR : [ prob_nodes ] .)
    ,               reduce using rule 9 (node -> PROBSELECTOR : [ prob_nodes ] .)


state 103

    (11) node -> PARALLEL : INT [ nodes . ]
    (19) nodes -> nodes . , node

    ]               shift and go to state 109
    ,               shift and go to state 77


state 104

    (13) node -> DECORATOR : INVERTER [ node . ]

    ]               shift and go to state 110


state 105

    (14) node -> DECORATOR : MAXTRIES ( INT . ) [ node ]

    )               shift and go to state 111


state 106

    (15) node -> DECORATOR : MAXSECONDS ( INT . ) [ node ]

    )               shift and go to state 112


state 107

    (31) definition -> DECORATOR NODENAME : MAXTRIES ( INT ) [ . node ]
    (5) node -> . SEQUENCE : [ nodes ]
    (6) node -> . SEQUENCE : VAR
    (7) node -> . SELECTOR : [ nodes ]
    (8) node -> . SELECTOR : VAR
    (9) node -> . PROBSELECTOR : [ prob_nodes ]
    (10) node -> . PROBSELECTOR : VAR
    (11) node -> . PARALLEL : INT [ nodes ]
    (12) node -> . PARALLEL : VAR
    (13) node -> . DECORATOR : INVERTER [ node ]
    (14) node -> . DECORATOR : MAXTRIES ( INT ) [ node ]
    (15) node -> . DECORATOR : MAXSECONDS ( INT ) [ node ]
    (16) node -> . DECORATOR : VAR
    (17) node -> . CONDITION : VAR
    (18) node -> . ACTION : VAR

    SEQUENCE        shift and go to state 30
    SELECTOR        shift and go to state 31
    PROBSELECTOR    shift and go to state 32
    PARALLEL        shift and go to state 33
    DECORATOR       shift and go to state 34
    CONDITION       shift and go to state 35
    ACTION          shift and go to state 36

    node                           shift and go to state 113

state 108

    (32) definition -> DECORATOR NODENAME : MAXSECONDS ( INT ) [ . node ]
    (5) node -> . SEQUENCE : [ nodes ]
    (6) node -> . SEQUENCE : VAR
    (7) node -> . SELECTOR : [ nodes ]
    (8) node -> . SELECTOR : VAR
    (9) node -> . PROBSELECTOR : [ prob_nodes ]
    (10) node -> . PROBSELECTOR : VAR
    (11) node -> . PARALLEL : INT [ nodes ]
    (12) node -> . PARALLEL : VAR
    (13) node -> . DECORATOR : INVERTER [ node ]
    (14) node -> . DECORATOR : MAXTRIES ( INT ) [ node ]
    (15) node -> . DECORATOR : MAXSECONDS ( INT ) [ node ]
    (16) node -> . DECORATOR : VAR
    (17) node -> . CONDITION : VAR
    (18) node -> . ACTION : VAR

    SEQUENCE        shift and go to state 30
    SELECTOR        shift and go to state 31
    PROBSELECTOR    shift and go to state 32
    PARALLEL        shift and go to state 33
    DECORATOR       shift and go to state 34
    CONDITION       shift and go to state 35
    ACTION          shift and go to state 36

    node                           shift and go to state 114

state 109

    (11) node -> PARALLEL : INT [ nodes ] .

    ]               reduce using rule 11 (node -> PARALLEL : INT [ nodes ] .)
    ,               reduce using rule 11 (node -> PARALLEL : INT [ nodes ] .)


state 110

    (13) node -> DECORATOR : INVERTER [ node ] .

    ]               reduce using rule 13 (node -> DECORATOR : INVERTER [ node ] .)
    ,               reduce using rule 13 (node -> DECORATOR : INVERTER [ node ] .)


state 111

    (14) node -> DECORATOR : MAXTRIES ( INT ) . [ node ]

    [               shift and go to state 115


state 112

    (15) node -> DECORATOR : MAXSECONDS ( INT ) . [ node ]

    [               shift and go to state 116


state 113

    (31) definition -> DECORATOR NODENAME : MAXTRIES ( INT ) [ node . ]

    ]               shift and go to state 117


state 114

    (32) definition -> DECORATOR NODENAME : MAXSECONDS ( INT ) [ node . ]

    ]               shift and go to state 118


state 115

    (14) node -> DECORATOR : MAXTRIES ( INT ) [ . node ]
    (5) node -> . SEQUENCE : [ nodes ]
    (6) node -> . SEQUENCE : VAR
    (7) node -> . SELECTOR : [ nodes ]
    (8) node -> . SELECTOR : VAR
    (9) node -> . PROBSELECTOR : [ prob_nodes ]
    (10) node -> . PROBSELECTOR : VAR
    (11) node -> . PARALLEL : INT [ nodes ]
    (12) node -> . PARALLEL : VAR
    (13) node -> . DECORATOR : INVERTER [ node ]
    (14) node -> . DECORATOR : MAXTRIES ( INT ) [ node ]
    (15) node -> . DECORATOR : MAXSECONDS ( INT ) [ node ]
    (16) node -> . DECORATOR : VAR
    (17) node -> . CONDITION : VAR
    (18) node -> . ACTION : VAR

    SEQUENCE        shift and go to state 30
    SELECTOR        shift and go to state 31
    PROBSELECTOR    shift and go to state 32
    PARALLEL        shift and go to state 33
    DECORATOR       shift and go to state 34
    CONDITION       shift and go to state 35
    ACTION          shift and go to state 36

    node                           shift and go to state 119

state 116

    (15) node -> DECORATOR : MAXSECONDS ( INT ) [ . node ]
    (5) node -> . SEQUENCE : [ nodes ]
    (6) node -> . SEQUENCE : VAR
    (7) node -> . SELECTOR : [ nodes ]
    (8) node -> . SELECTOR : VAR
    (9) node -> . PROBSELECTOR : [ prob_nodes ]
    (10) node -> . PROBSELECTOR : VAR
    (11) node -> . PARALLEL : INT [ nodes ]
    (12) node -> . PARALLEL : VAR
    (13) node -> . DECORATOR : INVERTER [ node ]
    (14) node -> . DECORATOR : MAXTRIES ( INT ) [ node ]
    (15) node -> . DECORATOR : MAXSECONDS ( INT ) [ node ]
    (16) node -> . DECORATOR : VAR
    (17) node -> . CONDITION : VAR
    (18) node -> . ACTION : VAR

    SEQUENCE        shift and go to state 30
    SELECTOR        shift and go to state 31
    PROBSELECTOR    shift and go to state 32
    PARALLEL        shift and go to state 33
    DECORATOR       shift and go to state 34
    CONDITION       shift and go to state 35
    ACTION          shift and go to state 36

    node                           shift and go to state 120

state 117

    (31) definition -> DECORATOR NODENAME : MAXTRIES ( INT ) [ node ] .

    BEHAVIOR        reduce using rule 31 (definition -> DECORATOR NODENAME : MAXTRIES ( INT ) [ node ] .)
    SEQUENCE        reduce using rule 31 (definition -> DECORATOR NODENAME : MAXTRIES ( INT ) [ node ] .)
    SELECTOR        reduce using rule 31 (definition -> DECORATOR NODENAME : MAXTRIES ( INT ) [ node ] .)
    PROBSELECTOR    reduce using rule 31 (definition -> DECORATOR NODENAME : MAXTRIES ( INT ) [ node ] .)
    PARALLEL        reduce using rule 31 (definition -> DECORATOR NODENAME : MAXTRIES ( INT ) [ node ] .)
    DECORATOR       reduce using rule 31 (definition -> DECORATOR NODENAME : MAXTRIES ( INT ) [ node ] .)
    CODE            reduce using rule 31 (definition -> DECORATOR NODENAME : MAXTRIES ( INT ) [ node ] .)


state 118

    (32) definition -> DECORATOR NODENAME : MAXSECONDS ( INT ) [ node ] .

    BEHAVIOR        reduce using rule 32 (definition -> DECORATOR NODENAME : MAXSECONDS ( INT ) [ node ] .)
    SEQUENCE        reduce using rule 32 (definition -> DECORATOR NODENAME : MAXSECONDS ( INT ) [ node ] .)
    SELECTOR        reduce using rule 32 (definition -> DECORATOR NODENAME : MAXSECONDS ( INT ) [ node ] .)
    PROBSELECTOR    reduce using rule 32 (definition -> DECORATOR NODENAME : MAXSECONDS ( INT ) [ node ] .)
    PARALLEL        reduce using rule 32 (definition -> DECORATOR NODENAME : MAXSECONDS ( INT ) [ node ] .)
    DECORATOR       reduce using rule 32 (definition -> DECORATOR NODENAME : MAXSECONDS ( INT ) [ node ] .)
    CODE            reduce using rule 32 (definition -> DECORATOR NODENAME : MAXSECONDS ( INT ) [ node ] .)


state 119

    (14) node -> DECORATOR : MAXTRIES ( INT ) [ node . ]

    ]               shift and go to state 121


state 120

    (15) node -> DECORATOR : MAXSECONDS ( INT ) [ node . ]

    ]               shift and go to state 122


state 121

    (14) node -> DECORATOR : MAXTRIES ( INT ) [ node ] .

    ]               reduce using rule 14 (node -> DECORATOR : MAXTRIES ( INT ) [ node ] .)
    ,               reduce using rule 14 (node -> DECORATOR : MAXTRIES ( INT ) [ node ] .)


state 122

    (15) node -> DECORATOR : MAXSECONDS ( INT ) [ node ] .

    ]               reduce using rule 15 (node -> DECORATOR : MAXSECONDS ( INT ) [ node ] .)
    ,               reduce using rule 15 (node -> DECORATOR : MAXSECONDS ( INT ) [ node ] .)

